2025-11-01T02:24:01.2005363Z warn: Microsoft.AspNetCore.Server.Kestrel[22]
2025-11-01T02:24:01.2022181Z       As of "11/01/2025 02:24:00 +00:00", the heartbeat has been running for "00:00:05.2377869" which is longer than "00:00:01". This could be caused by thread pool starvation.
2025-11-01T10:13:56.4242435Z Deploy Async
2025-11-01T10:21:37.7261496Z Deploy Async
2025-11-01T10:38:51.5663876Z Deploy Async
2025-11-01T10:44:53.0038935Z     __ __          __      __    _ __     
2025-11-01T10:44:53.2036459Z    / //_/_  _ ____/ /_  __/ /   (_) /____ 
2025-11-01T10:44:53.2036673Z   / ,< / / / / __  / / / / /   / / __/ _  
2025-11-01T10:44:53.2036701Z  / /| / /_/ / /_/ / /_/ / /___/ / /_/  __/
2025-11-01T10:44:53.2036796Z /_/ |_\__,_/\__,_/\__,_/_____/_/\__/\___/ 
2025-11-01T10:44:53.2036844Z 
2025-11-01T10:44:53.2036878Z                                           
2025-11-01T10:44:53.2036899Z DEBUG CONSOLE | AZURE APP SERVICE ON LINUX
2025-11-01T10:44:53.2036919Z 
2025-11-01T10:44:53.2036943Z Documentation: http://aka.ms/webapp-linux
2025-11-01T10:44:53.2036965Z Kudu Version : 20250917.3
2025-11-01T10:44:53.2036988Z Commit       : 915b72833717358dab58b9a5b15812c44b8842d3
2025-11-01T10:44:53.2037027Z 
2025-11-01T10:44:54.5420793Z chown: changing ownership of '/temp': Operation not permitted
2025-11-01T10:44:54.5784760Z chmod: changing permissions of '/temp': Operation not permitted
2025-11-01T10:58:25.0010668Z     __ __          __      __    _ __     
2025-11-01T10:58:25.0478850Z    / //_/_  _ ____/ /_  __/ /   (_) /____ 
2025-11-01T10:58:25.0479023Z   / ,< / / / / __  / / / / /   / / __/ _  
2025-11-01T10:58:25.0479057Z  / /| / /_/ / /_/ / /_/ / /___/ / /_/  __/
2025-11-01T10:58:25.0479116Z /_/ |_\__,_/\__,_/\__,_/_____/_/\__/\___/ 
2025-11-01T10:58:25.0479138Z 
2025-11-01T10:58:25.0479179Z                                           
2025-11-01T10:58:25.0479201Z DEBUG CONSOLE | AZURE APP SERVICE ON LINUX
2025-11-01T10:58:25.0479221Z 
2025-11-01T10:58:25.0479245Z Documentation: http://aka.ms/webapp-linux
2025-11-01T10:58:25.0479270Z Kudu Version : 20250917.3
2025-11-01T10:58:25.0479296Z Commit       : 915b72833717358dab58b9a5b15812c44b8842d3
2025-11-01T10:58:25.0479316Z 
2025-11-01T10:58:25.6579891Z chown: changing ownership of '/temp': Operation not permitted
2025-11-01T10:58:25.6749514Z chmod: changing permissions of '/temp': Operation not permitted
2025-11-01T10:58:34.3596697Z Restarting OpenBSD Secure Shell server: sshd.
2025-11-01T10:58:34.4819116Z node not running, starting node /opt/webssh/index.js
2025-11-01T10:58:45.4613204Z Sat Nov 1 10:58:45 UTC 2025 running .net core
2025-11-01T10:58:46.9282414Z Startup : 10.58.46.901208
2025-11-01T10:58:46.9837611Z Configure Services : 10.58.46.983526
2025-11-01T10:58:47.4762508Z Configure : 10.58.47.476005
2025-11-01T10:58:47.8237791Z Setting Up Routes : 10.58.47.823591
2025-11-01T10:58:48.6580855Z Exiting Configure : 10.58.48.657263
2025-11-01T10:58:48.9842481Z Hosting environment: Production
2025-11-01T10:58:48.9851276Z Content root path: /opt/Kudu
2025-11-01T10:58:48.9921385Z Now listening on: http://0.0.0.0:8181
2025-11-01T10:58:48.9939850Z Application started. Press Ctrl+C to shut down.
2025-11-01T11:00:15.5569266Z Deploy Async
2025-11-01T11:26:50.2628671Z Deploy Async
2025-11-01T11:35:50.4684153Z Deploy Async
2025-11-01T11:40:10.4755370Z Deploy Async
2025-11-01T11:41:56.7154599Z Deploy Async
2025-11-01T11:47:51.4909800Z     __ __          __      __    _ __     
2025-11-01T11:47:51.4911591Z    / //_/_  _ ____/ /_  __/ /   (_) /____ 
2025-11-01T11:47:51.4911640Z   / ,< / / / / __  / / / / /   / / __/ _  
2025-11-01T11:47:51.4911662Z  / /| / /_/ / /_/ / /_/ / /___/ / /_/  __/
2025-11-01T11:47:51.4911686Z /_/ |_\__,_/\__,_/\__,_/_____/_/\__/\___/ 
2025-11-01T11:47:51.4911717Z 
2025-11-01T11:47:51.4911746Z                                           
2025-11-01T11:47:51.4911768Z DEBUG CONSOLE | AZURE APP SERVICE ON LINUX
2025-11-01T11:47:51.4911823Z 
2025-11-01T11:47:51.4911849Z Documentation: http://aka.ms/webapp-linux
2025-11-01T11:47:51.4911871Z Kudu Version : 20250917.3
2025-11-01T11:47:51.4911894Z Commit       : 915b72833717358dab58b9a5b15812c44b8842d3
2025-11-01T11:47:51.4911914Z 
2025-11-01T11:47:53.6821111Z chown: changing ownership of '/temp': Operation not permitted
2025-11-01T11:47:54.7832654Z chmod: changing permissions of '/temp': Operation not permitted
2025-11-01T11:48:02.3728110Z Restarting OpenBSD Secure Shell server: sshd.
2025-11-01T11:48:02.6667066Z node not running, starting node /opt/webssh/index.js
2025-11-01T11:48:40.9608788Z Sat Nov 1 11:48:40 UTC 2025 running .net core
2025-11-01T11:48:50.3535292Z Startup : 11.48.50.133663
2025-11-01T11:48:50.8976072Z Configure Services : 11.48.50.775358
2025-11-01T11:48:57.0295129Z Configure : 11.48.57.029291
2025-11-01T11:49:00.2046910Z Setting Up Routes : 11.49.00.198367
2025-11-01T11:49:04.4335923Z Exiting Configure : 11.49.04.428178
2025-11-01T11:49:05.6403464Z Hosting environment: Production
2025-11-01T11:49:05.6403736Z Content root path: /opt/Kudu
2025-11-01T11:49:05.6403766Z Now listening on: http://0.0.0.0:8181
2025-11-01T11:49:05.6403800Z Application started. Press Ctrl+C to shut down.
2025-11-01T11:51:06.1049883Z Deploy Async
2025-11-01T12:00:27.5077280Z Deploy Async
2025-11-01T12:07:56.2688972Z warn: Microsoft.AspNetCore.Server.Kestrel[22]
2025-11-01T12:07:56.2689558Z       As of "11/01/2025 12:07:55 +00:00", the heartbeat has been running for "00:00:04.0569074" which is longer than "00:00:01". This could be caused by thread pool starvation.
