2025-10-29T10:44:48.364238569Z    _____                               
2025-10-29T10:44:48.364301769Z   /  _  \ __________ _________   ____  
2025-10-29T10:44:48.364307569Z  /  /_\  \\___   /  |  \_  __ \_/ __ \ 
2025-10-29T10:44:48.364310869Z /    |    \/    /|  |  /|  | \/\  ___/ 
2025-10-29T10:44:48.364313569Z \____|__  /_____ \____/ |__|    \___  >
2025-10-29T10:44:48.364316669Z         \/      \/                  \/ 
2025-10-29T10:44:48.364319369Z A P P   S E R V I C E   O N   L I N U X
2025-10-29T10:44:48.364322069Z 
2025-10-29T10:44:48.364324569Z Documentation: http://aka.ms/webapp-linux
2025-10-29T10:44:48.364327069Z NodeJS quickstart: https://aka.ms/node-qs
2025-10-29T10:44:48.364329569Z NodeJS Version : v22.17.0
2025-10-29T10:44:48.364332169Z Note: Any data outside '/home' is not persisted
2025-10-29T10:44:48.364334769Z 
2025-10-29T10:44:59.242314343Z Starting OpenBSD Secure Shell server: sshd.
2025-10-29T10:44:59.291635028Z WEBSITES_INCLUDE_CLOUD_CERTS is not set to true.
2025-10-29T10:44:59.368247717Z Updating certificates in /etc/ssl/certs...
2025-10-29T10:45:16.760629278Z rehash: warning: skipping ca-certificates.crt,it does not contain exactly one certificate or CRL
2025-10-29T10:45:16.826453508Z 4 added, 0 removed; done.
2025-10-29T10:45:16.844608772Z Running hooks in /etc/ca-certificates/update.d...
2025-10-29T10:45:16.844631172Z done.
2025-10-29T10:45:16.882467404Z CA certificates copied and updated successfully.
2025-10-29T10:45:17.093669441Z Starting periodic command scheduler: cron.
2025-10-29T10:45:17.243886865Z Could not find build manifest file at '/home/site/wwwroot/oryx-manifest.toml'
2025-10-29T10:45:17.243922365Z Could not find operation ID in manifest. Generating an operation id...
2025-10-29T10:45:17.252730296Z Build Operation ID: da6cea0b-f567-42be-a067-b63f9822d0ca
2025-10-29T10:45:17.624902875Z Environment Variables for Application Insight's IPA Codeless Configuration exists..
2025-10-29T10:45:17.678091172Z Writing output script to '/opt/startup/startup.sh'
2025-10-29T10:45:17.735666286Z Running #!/bin/sh
2025-10-29T10:45:17.737605693Z 
2025-10-29T10:45:17.737616493Z # Enter the source directory to make sure the script runs where the user expects
2025-10-29T10:45:17.737619993Z cd "/home/site/wwwroot"
2025-10-29T10:45:17.737622693Z 
2025-10-29T10:45:17.737624993Z export NODE_PATH=/usr/local/lib/node_modules:$NODE_PATH
2025-10-29T10:45:17.737627493Z if [ -z "$PORT" ]; then
2025-10-29T10:45:17.737629993Z 		export PORT=8080
2025-10-29T10:45:17.737632893Z fi
2025-10-29T10:45:17.737635093Z 
2025-10-29T10:45:17.737641493Z PATH="$PATH:/home/site/wwwroot" #!/bin/sh # Azure Web App startup script for Shared Thread # This runs database migrations before starting the app echo "Starting Shared Thread deployment process..." # Run database migrations echo "Running database migrations..." npx prisma migrate deploy # Check if migration was successful if [ $? -eq 0 ]; then echo "✅ Database migrations completed successfully" else echo "❌ Database migrations failed" exit 1 fi # Start the Next.js application echo "Starting Next.js application..." npm start

2025-10-29T11:43:57.882948272Z    _____                               
2025-10-29T11:43:57.883082573Z   /  _  \ __________ _________   ____  
2025-10-29T11:43:57.883088273Z  /  /_\  \\___   /  |  \_  __ \_/ __ \ 
2025-10-29T11:43:57.883091173Z /    |    \/    /|  |  /|  | \/\  ___/ 
2025-10-29T11:43:57.883094173Z \____|__  /_____ \____/ |__|    \___  >
2025-10-29T11:43:57.883097173Z         \/      \/                  \/ 
2025-10-29T11:43:57.883099873Z A P P   S E R V I C E   O N   L I N U X
2025-10-29T11:43:57.883102373Z 
2025-10-29T11:43:57.883104773Z Documentation: http://aka.ms/webapp-linux
2025-10-29T11:43:57.883107173Z NodeJS quickstart: https://aka.ms/node-qs
2025-10-29T11:43:57.883109773Z NodeJS Version : v22.17.0
2025-10-29T11:43:57.883129573Z Note: Any data outside '/home' is not persisted
2025-10-29T11:43:57.883132273Z 
2025-10-29T11:44:02.734725321Z Starting OpenBSD Secure Shell server: sshd.
2025-10-29T11:44:02.770829084Z WEBSITES_INCLUDE_CLOUD_CERTS is not set to true.
2025-10-29T11:44:02.864360947Z Updating certificates in /etc/ssl/certs...
2025-10-29T11:44:19.738374678Z rehash: warning: skipping ca-certificates.crt,it does not contain exactly one certificate or CRL
2025-10-29T11:44:19.825728516Z 4 added, 0 removed; done.
2025-10-29T11:44:19.834785920Z Running hooks in /etc/ca-certificates/update.d...
2025-10-29T11:44:19.853231128Z done.
2025-10-29T11:44:19.899007847Z CA certificates copied and updated successfully.
2025-10-29T11:44:20.259160503Z Starting periodic command scheduler: cron.
2025-10-29T11:44:20.537581923Z Could not find build manifest file at '/home/site/wwwroot/oryx-manifest.toml'
2025-10-29T11:44:20.537625023Z Could not find operation ID in manifest. Generating an operation id...
2025-10-29T11:44:20.537629023Z Build Operation ID: cefa018e-fe1d-4a89-b523-4ffb76bffe44
2025-10-29T11:44:20.898079979Z Environment Variables for Application Insight's IPA Codeless Configuration exists..
2025-10-29T11:44:21.035497038Z Writing output script to '/opt/startup/startup.sh'
2025-10-29T11:44:21.152579489Z Running #!/bin/sh
2025-10-29T11:44:21.152616389Z 
2025-10-29T11:44:21.152620489Z # Enter the source directory to make sure the script runs where the user expects
2025-10-29T11:44:21.152623789Z cd "/home/site/wwwroot"
2025-10-29T11:44:21.152626789Z 
2025-10-29T11:44:21.152629389Z export NODE_PATH=/usr/local/lib/node_modules:$NODE_PATH
2025-10-29T11:44:21.152632089Z if [ -z "$PORT" ]; then
2025-10-29T11:44:21.152635589Z 		export PORT=8080
2025-10-29T11:44:21.152638789Z fi
2025-10-29T11:44:21.152641389Z 
2025-10-29T11:44:21.152643989Z PATH="$PATH:/home/site/wwwroot" #!/bin/sh # Azure Web App startup script for Shared Thread # This runs database migrations before starting the app echo "Starting Shared Thread deployment process..." # Run database migrations echo "Running database migrations..." npx prisma migrate deploy # Check if migration was successful if [ $? -eq 0 ]; then echo "✅ Database migrations completed successfully" else echo "❌ Database migrations failed" exit 1 fi # Start the Next.js application echo "Starting Next.js application..." npm start

2025-10-29T12:41:27.313105484Z    _____                               
2025-10-29T12:41:27.337491084Z   /  _  \ __________ _________   ____  
2025-10-29T12:41:27.337500085Z  /  /_\  \\___   /  |  \_  __ \_/ __ \ 
2025-10-29T12:41:27.337503185Z /    |    \/    /|  |  /|  | \/\  ___/ 
2025-10-29T12:41:27.337505985Z \____|__  /_____ \____/ |__|    \___  >
2025-10-29T12:41:27.337508985Z         \/      \/                  \/ 
2025-10-29T12:41:27.337515285Z A P P   S E R V I C E   O N   L I N U X
2025-10-29T12:41:27.337517785Z 
2025-10-29T12:41:27.337520185Z Documentation: http://aka.ms/webapp-linux
2025-10-29T12:41:27.337522585Z NodeJS quickstart: https://aka.ms/node-qs
2025-10-29T12:41:27.337525085Z NodeJS Version : v22.17.0
2025-10-29T12:41:27.337527485Z Note: Any data outside '/home' is not persisted
2025-10-29T12:41:27.337530085Z 
2025-10-29T12:41:31.250374478Z Starting OpenBSD Secure Shell server: sshd.
2025-10-29T12:41:31.274626178Z WEBSITES_INCLUDE_CLOUD_CERTS is not set to true.
2025-10-29T12:41:31.359011425Z Updating certificates in /etc/ssl/certs...
2025-10-29T12:41:43.899676071Z rehash: warning: skipping ca-certificates.crt,it does not contain exactly one certificate or CRL
2025-10-29T12:41:43.947193020Z 4 added, 0 removed; done.
2025-10-29T12:41:43.956150267Z Running hooks in /etc/ca-certificates/update.d...
2025-10-29T12:41:43.967396226Z done.
2025-10-29T12:41:44.000023597Z CA certificates copied and updated successfully.
2025-10-29T12:41:44.556442519Z Starting periodic command scheduler: cron.
2025-10-29T12:41:44.955964616Z Could not find build manifest file at '/home/site/wwwroot/oryx-manifest.toml'
2025-10-29T12:41:44.956002617Z Could not find operation ID in manifest. Generating an operation id...
2025-10-29T12:41:44.956007917Z Build Operation ID: 7213bd67-bf8a-4cf5-aff2-dd13495b8c25
2025-10-29T12:41:45.454571534Z Environment Variables for Application Insight's IPA Codeless Configuration exists..
2025-10-29T12:41:45.510347827Z Writing output script to '/opt/startup/startup.sh'
2025-10-29T12:41:45.596265878Z Running #!/bin/sh
2025-10-29T12:41:45.596314978Z 
2025-10-29T12:41:45.596319478Z # Enter the source directory to make sure the script runs where the user expects
2025-10-29T12:41:45.596323679Z cd "/home/site/wwwroot"
2025-10-29T12:41:45.596327479Z 
2025-10-29T12:41:45.596331479Z export NODE_PATH=/usr/local/lib/node_modules:$NODE_PATH
2025-10-29T12:41:45.596352879Z if [ -z "$PORT" ]; then
2025-10-29T12:41:45.596356879Z 		export PORT=8080
2025-10-29T12:41:45.596377079Z fi
2025-10-29T12:41:45.596380779Z 
2025-10-29T12:41:45.615513079Z PATH="$PATH:/home/site/wwwroot" #!/bin/sh # Azure Web App startup script for Shared Thread # This runs database migrations before starting the app echo "Starting Shared Thread deployment process..." # Run database migrations echo "Running database migrations..." npx prisma migrate deploy # Check if migration was successful if [ $? -eq 0 ]; then echo "✅ Database migrations completed successfully" else echo "❌ Database migrations failed" exit 1 fi # Start the Next.js application echo "Starting Next.js application..." npm start

2025-10-29T13:42:20.637893229Z    _____                               
2025-10-29T13:42:20.638046629Z   /  _  \ __________ _________   ____  
2025-10-29T13:42:20.638052229Z  /  /_\  \\___   /  |  \_  __ \_/ __ \ 
2025-10-29T13:42:20.638055229Z /    |    \/    /|  |  /|  | \/\  ___/ 
2025-10-29T13:42:20.638057929Z \____|__  /_____ \____/ |__|    \___  >
2025-10-29T13:42:20.638061429Z         \/      \/                  \/ 
2025-10-29T13:42:20.638064229Z A P P   S E R V I C E   O N   L I N U X
2025-10-29T13:42:20.638066829Z 
2025-10-29T13:42:20.638069329Z Documentation: http://aka.ms/webapp-linux
2025-10-29T13:42:20.638071829Z NodeJS quickstart: https://aka.ms/node-qs
2025-10-29T13:42:20.638074429Z NodeJS Version : v22.17.0
2025-10-29T13:42:20.638076929Z Note: Any data outside '/home' is not persisted
2025-10-29T13:42:20.638079529Z 
2025-10-29T13:42:27.896271770Z Starting OpenBSD Secure Shell server: sshd.
2025-10-29T13:42:27.971716017Z WEBSITES_INCLUDE_CLOUD_CERTS is not set to true.
2025-10-29T13:42:28.122197911Z Updating certificates in /etc/ssl/certs...
2025-10-29T13:42:51.391060485Z rehash: warning: skipping ca-certificates.crt,it does not contain exactly one certificate or CRL
2025-10-29T13:42:51.438050273Z 4 added, 0 removed; done.
2025-10-29T13:42:51.439625476Z Running hooks in /etc/ca-certificates/update.d...
2025-10-29T13:42:51.448296993Z done.
2025-10-29T13:42:51.496821383Z CA certificates copied and updated successfully.
2025-10-29T13:42:51.790229133Z Starting periodic command scheduler: cron.
2025-10-29T13:42:52.349050280Z Could not find build manifest file at '/home/site/wwwroot/oryx-manifest.toml'
2025-10-29T13:42:52.349118380Z Could not find operation ID in manifest. Generating an operation id...
2025-10-29T13:42:52.349126380Z Build Operation ID: 2869abdc-7b1c-41d7-86e2-45b5f33dbcd8
2025-10-29T13:42:52.789407205Z Environment Variables for Application Insight's IPA Codeless Configuration exists..
2025-10-29T13:42:52.862606142Z Writing output script to '/opt/startup/startup.sh'
2025-10-29T13:42:53.004357407Z Running #!/bin/sh
2025-10-29T13:42:53.004387308Z 
2025-10-29T13:42:53.004391908Z # Enter the source directory to make sure the script runs where the user expects
2025-10-29T13:42:53.004395708Z cd "/home/site/wwwroot"
2025-10-29T13:42:53.004399408Z 
2025-10-29T13:42:53.004402708Z export NODE_PATH=/usr/local/lib/node_modules:$NODE_PATH
2025-10-29T13:42:53.004422008Z if [ -z "$PORT" ]; then
2025-10-29T13:42:53.004426908Z 		export PORT=8080
2025-10-29T13:42:53.004430708Z fi
2025-10-29T13:42:53.004433908Z 
2025-10-29T13:42:53.004438308Z PATH="$PATH:/home/site/wwwroot" #!/bin/sh # Azure Web App startup script for Shared Thread # This runs database migrations before starting the app echo "Starting Shared Thread deployment process..." # Run database migrations echo "Running database migrations..." npx prisma migrate deploy # Check if migration was successful if [ $? -eq 0 ]; then echo "✅ Database migrations completed successfully" else echo "❌ Database migrations failed" exit 1 fi # Start the Next.js application echo "Starting Next.js application..." npm start

2025-10-29T13:53:22.708667924Z    _____                               
2025-10-29T13:53:22.755282157Z   /  _  \ __________ _________   ____  
2025-10-29T13:53:22.755289957Z  /  /_\  \\___   /  |  \_  __ \_/ __ \ 
2025-10-29T13:53:22.755293057Z /    |    \/    /|  |  /|  | \/\  ___/ 
2025-10-29T13:53:22.755295757Z \____|__  /_____ \____/ |__|    \___  >
2025-10-29T13:53:22.755298457Z         \/      \/                  \/ 
2025-10-29T13:53:22.755301057Z A P P   S E R V I C E   O N   L I N U X
2025-10-29T13:53:22.755303457Z 
2025-10-29T13:53:22.755305857Z Documentation: http://aka.ms/webapp-linux
2025-10-29T13:53:22.755308257Z NodeJS quickstart: https://aka.ms/node-qs
2025-10-29T13:53:22.755310757Z NodeJS Version : v22.17.0
2025-10-29T13:53:22.755313257Z Note: Any data outside '/home' is not persisted
2025-10-29T13:53:22.755315757Z 
2025-10-29T13:53:32.027838639Z Starting OpenBSD Secure Shell server: sshd.
2025-10-29T13:53:32.047718395Z WEBSITES_INCLUDE_CLOUD_CERTS is not set to true.
2025-10-29T13:53:32.142917367Z Updating certificates in /etc/ssl/certs...
2025-10-29T13:53:45.219115787Z rehash: warning: skipping ca-certificates.crt,it does not contain exactly one certificate or CRL
2025-10-29T13:53:45.304088064Z 4 added, 0 removed; done.
2025-10-29T13:53:45.313481394Z Running hooks in /etc/ca-certificates/update.d...
2025-10-29T13:53:45.315240200Z done.
2025-10-29T13:53:45.350074613Z CA certificates copied and updated successfully.
2025-10-29T13:53:45.523000776Z Starting periodic command scheduler: cron.
2025-10-29T13:53:46.069542255Z Could not find build manifest file at '/home/site/wwwroot/oryx-manifest.toml'
2025-10-29T13:53:46.069588456Z Could not find operation ID in manifest. Generating an operation id...
2025-10-29T13:53:46.069592656Z Build Operation ID: 4a0b0d6d-068e-4d41-a99d-f2cedd3d1b11
2025-10-29T13:53:46.938496184Z Environment Variables for Application Insight's IPA Codeless Configuration exists..
2025-10-29T13:53:46.996243072Z Writing output script to '/opt/startup/startup.sh'
2025-10-29T13:53:47.071850018Z Running #!/bin/sh
2025-10-29T13:53:47.071876518Z 
2025-10-29T13:53:47.071880218Z # Enter the source directory to make sure the script runs where the user expects
2025-10-29T13:53:47.071883618Z cd "/home/site/wwwroot"
2025-10-29T13:53:47.071886418Z 
2025-10-29T13:53:47.071888818Z export NODE_PATH=/usr/local/lib/node_modules:$NODE_PATH
2025-10-29T13:53:47.071891718Z if [ -z "$PORT" ]; then
2025-10-29T13:53:47.071894418Z 		export PORT=8080
2025-10-29T13:53:47.071897618Z fi
2025-10-29T13:53:47.071900118Z 
2025-10-29T13:53:47.090258178Z PATH="$PATH:/home/site/wwwroot" #!/bin/sh # Azure Web App startup script for Shared Thread # This runs database migrations before starting the app echo "Starting Shared Thread deployment process..." # Run database migrations echo "Running database migrations..." npx prisma migrate deploy # Check if migration was successful if [ $? -eq 0 ]; then echo "✅ Database migrations completed successfully" else echo "❌ Database migrations failed" exit 1 fi # Start the Next.js application echo "Starting Next.js application..." npm start

